<?xml version="1.0" encoding="UTF-8"?>
<!-- Generated by org.testng.reporters.JUnitReportReporter -->
<testsuite hostname="ojt39-PC" name="DriverFactory.AppTest" tests="1" failures="0" timestamp="14 May 2019 03:10:09 GMT" time="51.436" errors="0">
  <testcase name="kickStart" time="51.436" classname="DriverFactory.AppTest"/>
</testsuite> <!-- DriverFactory.AppTest -->
